<?xml version="1.0" encoding="UTF-8"?>
<!DOCTYPE properties SYSTEM "http://java.sun.com/dtd/properties.dtd">
<properties>
	<comment>test-query</comment>
	<entry key = "driver">oracle.jdbc.driver.OracleDriver</entry>
	<entry key = "url">jdbc:oracle:thin:@localhost:1521:XE</entry>
	<entry key = "user">kh</entry> 
	<entry key = "password">kh1234</entry> 
	<entry key = "insert"> 
		INSERT INTO TB_TEST
		VALUES(?, ?, ?)
	</entry>
	<entry key = "update"> 
		UPDATE TB_TEST SET
		TEST_TITLE = ?,
		TEST_CONTENT = ?
		WHERE TEST_NO = ?
	</entry>
</properties>
